# JRE version: Java(TM) SE Runtime Environment (8.0_25-b17) (build 1.8.0_25-b17)
# Java VM: Java HotSpot(TM) 64-Bit Server VM (25.25-b02 mixed mode linux-amd64 compressed oops)
Heap:
 PSYoungGen      total 68608K, used 14477K [0x00000000d7400000, 0x00000000dfa00000, 0x0000000100000000)
  eden space 63488K, 22% used [0x00000000d7400000,0x00000000d82234c0,0x00000000db200000)
  from space 5120K, 0% used [0x00000000db200000,0x00000000db200000,0x00000000db700000)
  to   space 5120K, 0% used [0x00000000df500000,0x00000000df500000,0x00000000dfa00000)
 ParOldGen       total 49664K, used 4639K [0x0000000085c00000, 0x0000000088c80000, 0x00000000d7400000)
  object space 49664K, 9% used [0x0000000085c00000,0x0000000086087ef0,0x0000000088c80000)
 Metaspace       used 24878K, capacity 25082K, committed 25264K, reserved 1071104K
  class space    used 2919K, capacity 2954K, committed 2992K, reserved 1048576K
GC Heap History (8 events):
Event: 0.823 GC heap before
{Heap before GC invocations=1 (full 0):
 PSYoungGen      total 36864K, used 31744K [0x00000000d7400000, 0x00000000d9d00000, 0x0000000100000000)
  eden space 31744K, 100% used [0x00000000d7400000,0x00000000d9300000,0x00000000d9300000)
  from space 5120K, 0% used [0x00000000d9800000,0x00000000d9800000,0x00000000d9d00000)
  to   space 5120K, 0% used [0x00000000d9300000,0x00000000d9300000,0x00000000d9800000)
 ParOldGen       total 84992K, used 0K [0x0000000085c00000, 0x000000008af00000, 0x00000000d7400000)
  object space 84992K, 0% used [0x0000000085c00000,0x0000000085c00000,0x000000008af00000)
 Metaspace       used 12177K, capacity 12256K, committed 12544K, reserved 1060864K
  class space    used 1386K, capacity 1422K, committed 1536K, reserved 1048576K
Event: 0.833 GC heap after
Heap after GC invocations=1 (full 0):
 PSYoungGen      total 36864K, used 4626K [0x00000000d7400000, 0x00000000dbc00000, 0x0000000100000000)
  eden space 31744K, 0% used [0x00000000d7400000,0x00000000d7400000,0x00000000d9300000)
  from space 5120K, 90% used [0x00000000d9300000,0x00000000d97848b8,0x00000000d9800000)
  to   space 5120K, 0% used [0x00000000db700000,0x00000000db700000,0x00000000dbc00000)
 ParOldGen       total 84992K, used 16K [0x0000000085c00000, 0x000000008af00000, 0x00000000d7400000)
  object space 84992K, 0% used [0x0000000085c00000,0x0000000085c04000,0x000000008af00000)
 Metaspace       used 12177K, capacity 12256K, committed 12544K, reserved 1060864K
  class space    used 1386K, capacity 1422K, committed 1536K, reserved 1048576K
}
Event: 1.859 GC heap before
{Heap before GC invocations=2 (full 0):
 PSYoungGen      total 36864K, used 36370K [0x00000000d7400000, 0x00000000dbc00000, 0x0000000100000000)
  eden space 31744K, 100% used [0x00000000d7400000,0x00000000d9300000,0x00000000d9300000)
  from space 5120K, 90% used [0x00000000d9300000,0x00000000d97848b8,0x00000000d9800000)
  to   space 5120K, 0% used [0x00000000db700000,0x00000000db700000,0x00000000dbc00000)
 ParOldGen       total 84992K, used 16K [0x0000000085c00000, 0x000000008af00000, 0x00000000d7400000)
  object space 84992K, 0% used [0x0000000085c00000,0x0000000085c04000,0x000000008af00000)
 Metaspace       used 18132K, capacity 18342K, committed 18688K, reserved 1064960K
  class space    used 2127K, capacity 2182K, committed 2304K, reserved 1048576K
Event: 1.878 GC heap after
Heap after GC invocations=2 (full 0):
 PSYoungGen      total 68608K, used 5106K [0x00000000d7400000, 0x00000000dbc00000, 0x0000000100000000)
  eden space 63488K, 0% used [0x00000000d7400000,0x00000000d7400000,0x00000000db200000)
  from space 5120K, 99% used [0x00000000db700000,0x00000000dbbfc8c0,0x00000000dbc00000)
  to   space 5120K, 0% used [0x00000000db200000,0x00000000db200000,0x00000000db700000)
 ParOldGen       total 84992K, used 685K [0x0000000085c00000, 0x000000008af00000, 0x00000000d7400000)
  object space 84992K, 0% used [0x0000000085c00000,0x0000000085cab5a0,0x000000008af00000)
 Metaspace       used 18132K, capacity 18342K, committed 18688K, reserved 1064960K
  class space    used 2127K, capacity 2182K, committed 2304K, reserved 1048576K
}
Event: 2.035 GC heap before
{Heap before GC invocations=3 (full 0):
 PSYoungGen      total 68608K, used 9894K [0x00000000d7400000, 0x00000000dbc00000, 0x0000000100000000)
  eden space 63488K, 7% used [0x00000000d7400000,0x00000000d78ad298,0x00000000db200000)
  from space 5120K, 99% used [0x00000000db700000,0x00000000dbbfc8c0,0x00000000dbc00000)
  to   space 5120K, 0% used [0x00000000db200000,0x00000000db200000,0x00000000db700000)
 ParOldGen       total 84992K, used 685K [0x0000000085c00000, 0x000000008af00000, 0x00000000d7400000)
  object space 84992K, 0% used [0x0000000085c00000,0x0000000085cab5a0,0x000000008af00000)
 Metaspace       used 21030K, capacity 21158K, committed 21296K, reserved 1069056K
  class space    used 2526K, capacity 2566K, committed 2608K, reserved 1048576K
Event: 2.048 GC heap after
Heap after GC invocations=3 (full 0):
 PSYoungGen      total 68608K, used 4656K [0x00000000d7400000, 0x00000000dfa00000, 0x0000000100000000)
  eden space 63488K, 0% used [0x00000000d7400000,0x00000000d7400000,0x00000000db200000)
  from space 5120K, 90% used [0x00000000db200000,0x00000000db68c010,0x00000000db700000)
  to   space 5120K, 0% used [0x00000000df500000,0x00000000df500000,0x00000000dfa00000)
 ParOldGen       total 84992K, used 693K [0x0000000085c00000, 0x000000008af00000, 0x00000000d7400000)
  object space 84992K, 0% used [0x0000000085c00000,0x0000000085cad5a0,0x000000008af00000)
 Metaspace       used 21030K, capacity 21158K, committed 21296K, reserved 1069056K
  class space    used 2526K, capacity 2566K, committed 2608K, reserved 1048576K
}
Event: 2.048 GC heap before
{Heap before GC invocations=4 (full 1):
 PSYoungGen      total 68608K, used 4656K [0x00000000d7400000, 0x00000000dfa00000, 0x0000000100000000)
  eden space 63488K, 0% used [0x00000000d7400000,0x00000000d7400000,0x00000000db200000)
  from space 5120K, 90% used [0x00000000db200000,0x00000000db68c010,0x00000000db700000)
  to   space 5120K, 0% used [0x00000000df500000,0x00000000df500000,0x00000000dfa00000)
 ParOldGen       total 84992K, used 693K [0x0000000085c00000, 0x000000008af00000, 0x00000000d7400000)
  object space 84992K, 0% used [0x0000000085c00000,0x0000000085cad5a0,0x000000008af00000)
 Metaspace       used 21030K, capacity 21158K, committed 21296K, reserved 1069056K
  class space    used 2526K, capacity 2566K, committed 2608K, reserved 1048576K
Event: 2.091 GC heap after
Heap after GC invocations=4 (full 1):
 PSYoungGen      total 68608K, used 0K [0x00000000d7400000, 0x00000000dfa00000, 0x0000000100000000)
  eden space 63488K, 0% used [0x00000000d7400000,0x00000000d7400000,0x00000000db200000)
  from space 5120K, 0% used [0x00000000db200000,0x00000000db200000,0x00000000db700000)
  to   space 5120K, 0% used [0x00000000df500000,0x00000000df500000,0x00000000dfa00000)
 ParOldGen       total 49664K, used 4639K [0x0000000085c00000, 0x0000000088c80000, 0x00000000d7400000)
  object space 49664K, 9% used [0x0000000085c00000,0x0000000086087ef0,0x0000000088c80000)
 Metaspace       used 21029K, capacity 21156K, committed 21296K, reserved 1069056K
  class space    used 2525K, capacity 2565K, committed 2608K, reserved 1048576K
}

