# JRE version: Java(TM) SE Runtime Environment (8.0_25-b17) (build 1.8.0_25-b17)
# Java VM: Java HotSpot(TM) 64-Bit Server VM (25.25-b02 mixed mode linux-amd64 compressed oops)
Heap:
 PSYoungGen      total 36864K, used 15553K [0x00000000d7400000, 0x00000000dbc00000, 0x0000000100000000)
  eden space 31744K, 48% used [0x00000000d7400000,0x00000000d8330580,0x00000000d9300000)
  from space 5120K, 0% used [0x00000000d9300000,0x00000000d9300000,0x00000000d9800000)
  to   space 5120K, 0% used [0x00000000db700000,0x00000000db700000,0x00000000dbc00000)
 ParOldGen       total 52736K, used 4922K [0x0000000085c00000, 0x0000000088f80000, 0x00000000d7400000)
  object space 52736K, 9% used [0x0000000085c00000,0x00000000860ce8e8,0x0000000088f80000)
 Metaspace       used 25104K, capacity 25302K, committed 25600K, reserved 1071104K
  class space    used 2921K, capacity 2994K, committed 3072K, reserved 1048576K
GC Heap History (8 events):
Event: 2.185 GC heap before
{Heap before GC invocations=1 (full 0):
 PSYoungGen      total 36864K, used 31744K [0x00000000d7400000, 0x00000000d9d00000, 0x0000000100000000)
  eden space 31744K, 100% used [0x00000000d7400000,0x00000000d9300000,0x00000000d9300000)
  from space 5120K, 0% used [0x00000000d9800000,0x00000000d9800000,0x00000000d9d00000)
  to   space 5120K, 0% used [0x00000000d9300000,0x00000000d9300000,0x00000000d9800000)
 ParOldGen       total 84992K, used 0K [0x0000000085c00000, 0x000000008af00000, 0x00000000d7400000)
  object space 84992K, 0% used [0x0000000085c00000,0x0000000085c00000,0x000000008af00000)
 Metaspace       used 12166K, capacity 12252K, committed 12544K, reserved 1060864K
  class space    used 1384K, capacity 1430K, committed 1536K, reserved 1048576K
Event: 2.198 GC heap after
Heap after GC invocations=1 (full 0):
 PSYoungGen      total 36864K, used 4610K [0x00000000d7400000, 0x00000000d9d00000, 0x0000000100000000)
  eden space 31744K, 0% used [0x00000000d7400000,0x00000000d7400000,0x00000000d9300000)
  from space 5120K, 90% used [0x00000000d9300000,0x00000000d97808c8,0x00000000d9800000)
  to   space 5120K, 0% used [0x00000000d9800000,0x00000000d9800000,0x00000000d9d00000)
 ParOldGen       total 84992K, used 16K [0x0000000085c00000, 0x000000008af00000, 0x00000000d7400000)
  object space 84992K, 0% used [0x0000000085c00000,0x0000000085c04000,0x000000008af00000)
 Metaspace       used 12166K, capacity 12252K, committed 12544K, reserved 1060864K
  class space    used 1384K, capacity 1430K, committed 1536K, reserved 1048576K
}
Event: 2.936 GC heap before
{Heap before GC invocations=2 (full 0):
 PSYoungGen      total 36864K, used 36354K [0x00000000d7400000, 0x00000000d9d00000, 0x0000000100000000)
  eden space 31744K, 100% used [0x00000000d7400000,0x00000000d9300000,0x00000000d9300000)
  from space 5120K, 90% used [0x00000000d9300000,0x00000000d97808c8,0x00000000d9800000)
  to   space 5120K, 0% used [0x00000000d9800000,0x00000000d9800000,0x00000000d9d00000)
 ParOldGen       total 84992K, used 16K [0x0000000085c00000, 0x000000008af00000, 0x00000000d7400000)
  object space 84992K, 0% used [0x0000000085c00000,0x0000000085c04000,0x000000008af00000)
 Metaspace       used 18227K, capacity 18434K, committed 18688K, reserved 1064960K
  class space    used 2149K, capacity 2222K, committed 2304K, reserved 1048576K
Event: 2.951 GC heap after
Heap after GC invocations=2 (full 0):
 PSYoungGen      total 36864K, used 5088K [0x00000000d7400000, 0x00000000dbc00000, 0x0000000100000000)
  eden space 31744K, 0% used [0x00000000d7400000,0x00000000d7400000,0x00000000d9300000)
  from space 5120K, 99% used [0x00000000d9800000,0x00000000d9cf83e8,0x00000000d9d00000)
  to   space 5120K, 0% used [0x00000000d9300000,0x00000000d9300000,0x00000000d9800000)
 ParOldGen       total 84992K, used 734K [0x0000000085c00000, 0x000000008af00000, 0x00000000d7400000)
  object space 84992K, 0% used [0x0000000085c00000,0x0000000085cb7818,0x000000008af00000)
 Metaspace       used 18227K, capacity 18434K, committed 18688K, reserved 1064960K
  class space    used 2149K, capacity 2222K, committed 2304K, reserved 1048576K
}
Event: 3.216 GC heap before
{Heap before GC invocations=3 (full 0):
 PSYoungGen      total 36864K, used 10775K [0x00000000d7400000, 0x00000000dbc00000, 0x0000000100000000)
  eden space 31744K, 17% used [0x00000000d7400000,0x00000000d798dbf8,0x00000000d9300000)
  from space 5120K, 99% used [0x00000000d9800000,0x00000000d9cf83e8,0x00000000d9d00000)
  to   space 5120K, 0% used [0x00000000d9300000,0x00000000d9300000,0x00000000d9800000)
 ParOldGen       total 84992K, used 734K [0x0000000085c00000, 0x000000008af00000, 0x00000000d7400000)
  object space 84992K, 0% used [0x0000000085c00000,0x0000000085cb7818,0x000000008af00000)
 Metaspace       used 21014K, capacity 21128K, committed 21296K, reserved 1069056K
  class space    used 2515K, capacity 2543K, committed 2560K, reserved 1048576K
Event: 3.226 GC heap after
Heap after GC invocations=3 (full 0):
 PSYoungGen      total 36864K, used 4976K [0x00000000d7400000, 0x00000000dbc00000, 0x0000000100000000)
  eden space 31744K, 0% used [0x00000000d7400000,0x00000000d7400000,0x00000000d9300000)
  from space 5120K, 97% used [0x00000000d9300000,0x00000000d97dc010,0x00000000d9800000)
  to   space 5120K, 0% used [0x00000000db700000,0x00000000db700000,0x00000000dbc00000)
 ParOldGen       total 84992K, used 742K [0x0000000085c00000, 0x000000008af00000, 0x00000000d7400000)
  object space 84992K, 0% used [0x0000000085c00000,0x0000000085cb9818,0x000000008af00000)
 Metaspace       used 21014K, capacity 21128K, committed 21296K, reserved 1069056K
  class space    used 2515K, capacity 2543K, committed 2560K, reserved 1048576K
}
Event: 3.226 GC heap before
{Heap before GC invocations=4 (full 1):
 PSYoungGen      total 36864K, used 4976K [0x00000000d7400000, 0x00000000dbc00000, 0x0000000100000000)
  eden space 31744K, 0% used [0x00000000d7400000,0x00000000d7400000,0x00000000d9300000)
  from space 5120K, 97% used [0x00000000d9300000,0x00000000d97dc010,0x00000000d9800000)
  to   space 5120K, 0% used [0x00000000db700000,0x00000000db700000,0x00000000dbc00000)
 ParOldGen       total 84992K, used 742K [0x0000000085c00000, 0x000000008af00000, 0x00000000d7400000)
  object space 84992K, 0% used [0x0000000085c00000,0x0000000085cb9818,0x000000008af00000)
 Metaspace       used 21014K, capacity 21128K, committed 21296K, reserved 1069056K
  class space    used 2515K, capacity 2543K, committed 2560K, reserved 1048576K
Event: 3.282 GC heap after
Heap after GC invocations=4 (full 1):
 PSYoungGen      total 36864K, used 0K [0x00000000d7400000, 0x00000000dbc00000, 0x0000000100000000)
  eden space 31744K, 0% used [0x00000000d7400000,0x00000000d7400000,0x00000000d9300000)
  from space 5120K, 0% used [0x00000000d9300000,0x00000000d9300000,0x00000000d9800000)
  to   space 5120K, 0% used [0x00000000db700000,0x00000000db700000,0x00000000dbc00000)
 ParOldGen       total 52736K, used 4922K [0x0000000085c00000, 0x0000000088f80000, 0x00000000d7400000)
  object space 52736K, 9% used [0x0000000085c00000,0x00000000860ce8e8,0x0000000088f80000)
 Metaspace       used 21013K, capacity 21126K, committed 21296K, reserved 1069056K
  class space    used 2515K, capacity 2542K, committed 2560K, reserved 1048576K
}

