# JRE version: Java(TM) SE Runtime Environment (8.0_05-b13) (build 1.8.0_05-b13)
# Java VM: Java HotSpot(TM) 64-Bit Server VM (25.5-b02 mixed mode linux-amd64 compressed oops)
Heap:
 PSYoungGen      total 5632K, used 1478K [0x00000000ec580000, 0x00000000ecc80000, 0x0000000100000000)
  eden space 4096K, 11% used [0x00000000ec580000,0x00000000ec5f38f0,0x00000000ec980000)
  from space 1536K, 66% used [0x00000000ecb00000,0x00000000ecbfe158,0x00000000ecc80000)
  to   space 1536K, 0% used [0x00000000ec980000,0x00000000ec980000,0x00000000ecb00000)
 ParOldGen       total 59904K, used 1028K [0x00000000c5000000, 0x00000000c8a80000, 0x00000000ec580000)
  object space 59904K, 1% used [0x00000000c5000000,0x00000000c5101108,0x00000000c8a80000)
 Metaspace       used 5748K, capacity 5856K, committed 6144K, reserved 1056768K
  class space    used 694K, capacity 720K, committed 768K, reserved 1048576K
GC Heap History (10 events):
Event: 0.130 GC heap before
{Heap before GC invocations=2 (full 0):
 PSYoungGen      total 1024K, used 960K [0x00000000ec580000, 0x00000000ec780000, 0x0000000100000000)
  eden space 512K, 100% used [0x00000000ec580000,0x00000000ec600000,0x00000000ec600000)
  from space 512K, 87% used [0x00000000ec600000,0x00000000ec670020,0x00000000ec680000)
  to   space 512K, 0% used [0x00000000ec700000,0x00000000ec700000,0x00000000ec780000)
 ParOldGen       total 59904K, used 8K [0x00000000c5000000, 0x00000000c8a80000, 0x00000000ec580000)
  object space 59904K, 0% used [0x00000000c5000000,0x00000000c5002000,0x00000000c8a80000)
 Metaspace       used 2877K, capacity 4600K, committed 4864K, reserved 1056768K
  class space    used 315K, capacity 424K, committed 512K, reserved 1048576K
Event: 0.131 GC heap after
Heap after GC invocations=2 (full 0):
 PSYoungGen      total 1536K, used 480K [0x00000000ec580000, 0x00000000ec780000, 0x0000000100000000)
  eden space 1024K, 0% used [0x00000000ec580000,0x00000000ec580000,0x00000000ec680000)
  from space 512K, 93% used [0x00000000ec700000,0x00000000ec778020,0x00000000ec780000)
  to   space 512K, 0% used [0x00000000ec680000,0x00000000ec680000,0x00000000ec700000)
 ParOldGen       total 59904K, used 93K [0x00000000c5000000, 0x00000000c8a80000, 0x00000000ec580000)
  object space 59904K, 0% used [0x00000000c5000000,0x00000000c5017470,0x00000000c8a80000)
 Metaspace       used 2877K, capacity 4600K, committed 4864K, reserved 1056768K
  class space    used 315K, capacity 424K, committed 512K, reserved 1048576K
}
Event: 0.234 GC heap before
{Heap before GC invocations=3 (full 0):
 PSYoungGen      total 1536K, used 1502K [0x00000000ec580000, 0x00000000ec780000, 0x0000000100000000)
  eden space 1024K, 99% used [0x00000000ec580000,0x00000000ec67fb38,0x00000000ec680000)
  from space 512K, 93% used [0x00000000ec700000,0x00000000ec778020,0x00000000ec780000)
  to   space 512K, 0% used [0x00000000ec680000,0x00000000ec680000,0x00000000ec700000)
 ParOldGen       total 59904K, used 93K [0x00000000c5000000, 0x00000000c8a80000, 0x00000000ec580000)
  object space 59904K, 0% used [0x00000000c5000000,0x00000000c5017470,0x00000000c8a80000)
 Metaspace       used 3840K, capacity 4768K, committed 4864K, reserved 1056768K
  class space    used 437K, capacity 464K, committed 512K, reserved 1048576K
Event: 0.239 GC heap after
Heap after GC invocations=3 (full 0):
 PSYoungGen      total 1536K, used 496K [0x00000000ec580000, 0x00000000ec880000, 0x0000000100000000)
  eden space 1024K, 0% used [0x00000000ec580000,0x00000000ec580000,0x00000000ec680000)
  from space 512K, 96% used [0x00000000ec680000,0x00000000ec6fc010,0x00000000ec700000)
  to   space 512K, 0% used [0x00000000ec800000,0x00000000ec800000,0x00000000ec880000)
 ParOldGen       total 59904K, used 350K [0x00000000c5000000, 0x00000000c8a80000, 0x00000000ec580000)
  object space 59904K, 0% used [0x00000000c5000000,0x00000000c50579b0,0x00000000c8a80000)
 Metaspace       used 3840K, capacity 4768K, committed 4864K, reserved 1056768K
  class space    used 437K, capacity 464K, committed 512K, reserved 1048576K
}
Event: 0.294 GC heap before
{Heap before GC invocations=4 (full 0):
 PSYoungGen      total 1536K, used 1520K [0x00000000ec580000, 0x00000000ec880000, 0x0000000100000000)
  eden space 1024K, 100% used [0x00000000ec580000,0x00000000ec680000,0x00000000ec680000)
  from space 512K, 96% used [0x00000000ec680000,0x00000000ec6fc010,0x00000000ec700000)
  to   space 512K, 0% used [0x00000000ec800000,0x00000000ec800000,0x00000000ec880000)
 ParOldGen       total 59904K, used 350K [0x00000000c5000000, 0x00000000c8a80000, 0x00000000ec580000)
  object space 59904K, 0% used [0x00000000c5000000,0x00000000c50579b0,0x00000000c8a80000)
 Metaspace       used 4026K, capacity 4992K, committed 5120K, reserved 1056768K
  class space    used 473K, capacity 496K, committed 512K, reserved 1048576K
Event: 0.296 GC heap after
Heap after GC invocations=4 (full 0):
 PSYoungGen      total 2560K, used 480K [0x00000000ec580000, 0x00000000ec880000, 0x0000000100000000)
  eden space 2048K, 0% used [0x00000000ec580000,0x00000000ec580000,0x00000000ec780000)
  from space 512K, 93% used [0x00000000ec800000,0x00000000ec878020,0x00000000ec880000)
  to   space 512K, 0% used [0x00000000ec780000,0x00000000ec780000,0x00000000ec800000)
 ParOldGen       total 59904K, used 562K [0x00000000c5000000, 0x00000000c8a80000, 0x00000000ec580000)
  object space 59904K, 0% used [0x00000000c5000000,0x00000000c508c928,0x00000000c8a80000)
 Metaspace       used 4026K, capacity 4992K, committed 5120K, reserved 1056768K
  class space    used 473K, capacity 496K, committed 512K, reserved 1048576K
}
Event: 0.434 GC heap before
{Heap before GC invocations=5 (full 0):
 PSYoungGen      total 2560K, used 2503K [0x00000000ec580000, 0x00000000ec880000, 0x0000000100000000)
  eden space 2048K, 98% used [0x00000000ec580000,0x00000000ec779be8,0x00000000ec780000)
  from space 512K, 93% used [0x00000000ec800000,0x00000000ec878020,0x00000000ec880000)
  to   space 512K, 0% used [0x00000000ec780000,0x00000000ec780000,0x00000000ec800000)
 ParOldGen       total 59904K, used 562K [0x00000000c5000000, 0x00000000c8a80000, 0x00000000ec580000)
  object space 59904K, 0% used [0x00000000c5000000,0x00000000c508c928,0x00000000c8a80000)
 Metaspace       used 4706K, capacity 5344K, committed 5504K, reserved 1056768K
  class space    used 561K, capacity 592K, committed 640K, reserved 1048576K
Event: 0.437 GC heap after
Heap after GC invocations=5 (full 0):
 PSYoungGen      total 2560K, used 500K [0x00000000ec580000, 0x00000000ecc80000, 0x0000000100000000)
  eden space 2048K, 0% used [0x00000000ec580000,0x00000000ec580000,0x00000000ec780000)
  from space 512K, 97% used [0x00000000ec780000,0x00000000ec7fd228,0x00000000ec800000)
  to   space 1536K, 0% used [0x00000000ecb00000,0x00000000ecb00000,0x00000000ecc80000)
 ParOldGen       total 59904K, used 1020K [0x00000000c5000000, 0x00000000c8a80000, 0x00000000ec580000)
  object space 59904K, 1% used [0x00000000c5000000,0x00000000c50ff108,0x00000000c8a80000)
 Metaspace       used 4706K, capacity 5344K, committed 5504K, reserved 1056768K
  class space    used 561K, capacity 592K, committed 640K, reserved 1048576K
}
Event: 1.193 GC heap before
{Heap before GC invocations=6 (full 0):
 PSYoungGen      total 2560K, used 2548K [0x00000000ec580000, 0x00000000ecc80000, 0x0000000100000000)
  eden space 2048K, 100% used [0x00000000ec580000,0x00000000ec780000,0x00000000ec780000)
  from space 512K, 97% used [0x00000000ec780000,0x00000000ec7fd228,0x00000000ec800000)
  to   space 1536K, 0% used [0x00000000ecb00000,0x00000000ecb00000,0x00000000ecc80000)
 ParOldGen       total 59904K, used 1020K [0x00000000c5000000, 0x00000000c8a80000, 0x00000000ec580000)
  object space 59904K, 1% used [0x00000000c5000000,0x00000000c50ff108,0x00000000c8a80000)
 Metaspace       used 5636K, capacity 5856K, committed 6144K, reserved 1056768K
  class space    used 678K, capacity 720K, committed 768K, reserved 1048576K
Event: 1.197 GC heap after
Heap after GC invocations=6 (full 0):
 PSYoungGen      total 5632K, used 1016K [0x00000000ec580000, 0x00000000ecc80000, 0x0000000100000000)
  eden space 4096K, 0% used [0x00000000ec580000,0x00000000ec580000,0x00000000ec980000)
  from space 1536K, 66% used [0x00000000ecb00000,0x00000000ecbfe158,0x00000000ecc80000)
  to   space 1536K, 0% used [0x00000000ec980000,0x00000000ec980000,0x00000000ecb00000)
 ParOldGen       total 59904K, used 1028K [0x00000000c5000000, 0x00000000c8a80000, 0x00000000ec580000)
  object space 59904K, 1% used [0x00000000c5000000,0x00000000c5101108,0x00000000c8a80000)
 Metaspace       used 5636K, capacity 5856K, committed 6144K, reserved 1056768K
  class space    used 678K, capacity 720K, committed 768K, reserved 1048576K
}

