# JRE version: Java(TM) SE Runtime Environment (8.0_05-b13) (build 1.8.0_05-b13)
# Java VM: Java HotSpot(TM) 64-Bit Server VM (25.5-b02 mixed mode linux-amd64 compressed oops)
Heap:
 PSYoungGen      total 10752K, used 10127K [0x00000000ec580000, 0x00000000ed100000, 0x0000000100000000)
  eden space 10240K, 98% used [0x00000000ec580000,0x00000000ecf5bc20,0x00000000ecf80000)
  from space 512K, 6% used [0x00000000ed000000,0x00000000ed008000,0x00000000ed080000)
  to   space 512K, 0% used [0x00000000ed080000,0x00000000ed080000,0x00000000ed100000)
 ParOldGen       total 59904K, used 1926K [0x00000000c5000000, 0x00000000c8a80000, 0x00000000ec580000)
  object space 59904K, 3% used [0x00000000c5000000,0x00000000c51e18c8,0x00000000c8a80000)
 Metaspace       used 5888K, capacity 5984K, committed 6144K, reserved 1056768K
  class space    used 699K, capacity 720K, committed 768K, reserved 1048576K
GC Heap History (10 events):
Event: 36.006 GC heap before
{Heap before GC invocations=53 (full 0):
 PSYoungGen      total 10752K, used 10072K [0x00000000ec580000, 0x00000000ed100000, 0x0000000100000000)
  eden space 10240K, 98% used [0x00000000ec580000,0x00000000ecf4e328,0x00000000ecf80000)
  from space 512K, 6% used [0x00000000ed080000,0x00000000ed088000,0x00000000ed100000)
  to   space 512K, 0% used [0x00000000ed000000,0x00000000ed000000,0x00000000ed080000)
 ParOldGen       total 59904K, used 1894K [0x00000000c5000000, 0x00000000c8a80000, 0x00000000ec580000)
  object space 59904K, 3% used [0x00000000c5000000,0x00000000c51d98c8,0x00000000c8a80000)
 Metaspace       used 5847K, capacity 5984K, committed 6144K, reserved 1056768K
  class space    used 692K, capacity 720K, committed 768K, reserved 1048576K
Event: 36.007 GC heap after
Heap after GC invocations=53 (full 0):
 PSYoungGen      total 10752K, used 64K [0x00000000ec580000, 0x00000000ed100000, 0x0000000100000000)
  eden space 10240K, 0% used [0x00000000ec580000,0x00000000ec580000,0x00000000ecf80000)
  from space 512K, 12% used [0x00000000ed000000,0x00000000ed010000,0x00000000ed080000)
  to   space 512K, 0% used [0x00000000ed080000,0x00000000ed080000,0x00000000ed100000)
 ParOldGen       total 59904K, used 1902K [0x00000000c5000000, 0x00000000c8a80000, 0x00000000ec580000)
  object space 59904K, 3% used [0x00000000c5000000,0x00000000c51db8c8,0x00000000c8a80000)
 Metaspace       used 5847K, capacity 5984K, committed 6144K, reserved 1056768K
  class space    used 692K, capacity 720K, committed 768K, reserved 1048576K
}
Event: 36.740 GC heap before
{Heap before GC invocations=54 (full 0):
 PSYoungGen      total 10752K, used 10102K [0x00000000ec580000, 0x00000000ed100000, 0x0000000100000000)
  eden space 10240K, 98% used [0x00000000ec580000,0x00000000ecf4daf0,0x00000000ecf80000)
  from space 512K, 12% used [0x00000000ed000000,0x00000000ed010000,0x00000000ed080000)
  to   space 512K, 0% used [0x00000000ed080000,0x00000000ed080000,0x00000000ed100000)
 ParOldGen       total 59904K, used 1902K [0x00000000c5000000, 0x00000000c8a80000, 0x00000000ec580000)
  object space 59904K, 3% used [0x00000000c5000000,0x00000000c51db8c8,0x00000000c8a80000)
 Metaspace       used 5847K, capacity 5984K, committed 6144K, reserved 1056768K
  class space    used 692K, capacity 720K, committed 768K, reserved 1048576K
Event: 36.741 GC heap after
Heap after GC invocations=54 (full 0):
 PSYoungGen      total 10752K, used 32K [0x00000000ec580000, 0x00000000ed100000, 0x0000000100000000)
  eden space 10240K, 0% used [0x00000000ec580000,0x00000000ec580000,0x00000000ecf80000)
  from space 512K, 6% used [0x00000000ed080000,0x00000000ed088000,0x00000000ed100000)
  to   space 512K, 0% used [0x00000000ed000000,0x00000000ed000000,0x00000000ed080000)
 ParOldGen       total 59904K, used 1926K [0x00000000c5000000, 0x00000000c8a80000, 0x00000000ec580000)
  object space 59904K, 3% used [0x00000000c5000000,0x00000000c51e18c8,0x00000000c8a80000)
 Metaspace       used 5847K, capacity 5984K, committed 6144K, reserved 1056768K
  class space    used 692K, capacity 720K, committed 768K, reserved 1048576K
}
Event: 37.476 GC heap before
{Heap before GC invocations=55 (full 0):
 PSYoungGen      total 10752K, used 10070K [0x00000000ec580000, 0x00000000ed100000, 0x0000000100000000)
  eden space 10240K, 98% used [0x00000000ec580000,0x00000000ecf4daf0,0x00000000ecf80000)
  from space 512K, 6% used [0x00000000ed080000,0x00000000ed088000,0x00000000ed100000)
  to   space 512K, 0% used [0x00000000ed000000,0x00000000ed000000,0x00000000ed080000)
 ParOldGen       total 59904K, used 1926K [0x00000000c5000000, 0x00000000c8a80000, 0x00000000ec580000)
  object space 59904K, 3% used [0x00000000c5000000,0x00000000c51e18c8,0x00000000c8a80000)
 Metaspace       used 5847K, capacity 5984K, committed 6144K, reserved 1056768K
  class space    used 692K, capacity 720K, committed 768K, reserved 1048576K
Event: 37.478 GC heap after
Heap after GC invocations=55 (full 0):
 PSYoungGen      total 10752K, used 32K [0x00000000ec580000, 0x00000000ed100000, 0x0000000100000000)
  eden space 10240K, 0% used [0x00000000ec580000,0x00000000ec580000,0x00000000ecf80000)
  from space 512K, 6% used [0x00000000ed000000,0x00000000ed008000,0x00000000ed080000)
  to   space 512K, 0% used [0x00000000ed080000,0x00000000ed080000,0x00000000ed100000)
 ParOldGen       total 59904K, used 1926K [0x00000000c5000000, 0x00000000c8a80000, 0x00000000ec580000)
  object space 59904K, 3% used [0x00000000c5000000,0x00000000c51e18c8,0x00000000c8a80000)
 Metaspace       used 5847K, capacity 5984K, committed 6144K, reserved 1056768K
  class space    used 692K, capacity 720K, committed 768K, reserved 1048576K
}
Event: 38.210 GC heap before
{Heap before GC invocations=56 (full 0):
 PSYoungGen      total 10752K, used 10070K [0x00000000ec580000, 0x00000000ed100000, 0x0000000100000000)
  eden space 10240K, 98% used [0x00000000ec580000,0x00000000ecf4daf0,0x00000000ecf80000)
  from space 512K, 6% used [0x00000000ed000000,0x00000000ed008000,0x00000000ed080000)
  to   space 512K, 0% used [0x00000000ed080000,0x00000000ed080000,0x00000000ed100000)
 ParOldGen       total 59904K, used 1926K [0x00000000c5000000, 0x00000000c8a80000, 0x00000000ec580000)
  object space 59904K, 3% used [0x00000000c5000000,0x00000000c51e18c8,0x00000000c8a80000)
 Metaspace       used 5847K, capacity 5984K, committed 6144K, reserved 1056768K
  class space    used 692K, capacity 720K, committed 768K, reserved 1048576K
Event: 38.212 GC heap after
Heap after GC invocations=56 (full 0):
 PSYoungGen      total 10752K, used 32K [0x00000000ec580000, 0x00000000ed100000, 0x0000000100000000)
  eden space 10240K, 0% used [0x00000000ec580000,0x00000000ec580000,0x00000000ecf80000)
  from space 512K, 6% used [0x00000000ed080000,0x00000000ed088000,0x00000000ed100000)
  to   space 512K, 0% used [0x00000000ed000000,0x00000000ed000000,0x00000000ed080000)
 ParOldGen       total 59904K, used 1926K [0x00000000c5000000, 0x00000000c8a80000, 0x00000000ec580000)
  object space 59904K, 3% used [0x00000000c5000000,0x00000000c51e18c8,0x00000000c8a80000)
 Metaspace       used 5847K, capacity 5984K, committed 6144K, reserved 1056768K
  class space    used 692K, capacity 720K, committed 768K, reserved 1048576K
}
Event: 38.944 GC heap before
{Heap before GC invocations=57 (full 0):
 PSYoungGen      total 10752K, used 10070K [0x00000000ec580000, 0x00000000ed100000, 0x0000000100000000)
  eden space 10240K, 98% used [0x00000000ec580000,0x00000000ecf4daf0,0x00000000ecf80000)
  from space 512K, 6% used [0x00000000ed080000,0x00000000ed088000,0x00000000ed100000)
  to   space 512K, 0% used [0x00000000ed000000,0x00000000ed000000,0x00000000ed080000)
 ParOldGen       total 59904K, used 1926K [0x00000000c5000000, 0x00000000c8a80000, 0x00000000ec580000)
  object space 59904K, 3% used [0x00000000c5000000,0x00000000c51e18c8,0x00000000c8a80000)
 Metaspace       used 5847K, capacity 5984K, committed 6144K, reserved 1056768K
  class space    used 692K, capacity 720K, committed 768K, reserved 1048576K
Event: 38.946 GC heap after
Heap after GC invocations=57 (full 0):
 PSYoungGen      total 10752K, used 32K [0x00000000ec580000, 0x00000000ed100000, 0x0000000100000000)
  eden space 10240K, 0% used [0x00000000ec580000,0x00000000ec580000,0x00000000ecf80000)
  from space 512K, 6% used [0x00000000ed000000,0x00000000ed008000,0x00000000ed080000)
  to   space 512K, 0% used [0x00000000ed080000,0x00000000ed080000,0x00000000ed100000)
 ParOldGen       total 59904K, used 1926K [0x00000000c5000000, 0x00000000c8a80000, 0x00000000ec580000)
  object space 59904K, 3% used [0x00000000c5000000,0x00000000c51e18c8,0x00000000c8a80000)
 Metaspace       used 5847K, capacity 5984K, committed 6144K, reserved 1056768K
  class space    used 692K, capacity 720K, committed 768K, reserved 1048576K
}

